<?xml version="1.0" encoding="UTF-8"?>
<!-- Generated by org.testng.reporters.JUnitReportReporter -->
<testsuite hostname="MC100071853" failures="0" tests="1" name="com.example.demo.test.Testing" time="1.859" errors="0" timestamp="2021-09-02T14:23:16 IST" skipped="0">
  <testcase classname="com.example.demo.test.Testing" name="deletetest" time="1.859"/>
  <system-out/>
</testsuite> <!-- com.example.demo.test.Testing -->
